WARNING: memory/im.v:15: $readmemh: Standard inconsistency, following 1364-2005.
WARNING: memory/im.v:15: $readmemh(code.txt): Not enough words in the file for the requested range [0:1023].
WARNING: memory/pipeline_decode.v:37: $readmemh: Standard inconsistency, following 1364-2005.
WARNING: memory/pipeline_decode.v:38: $readmemh: Standard inconsistency, following 1364-2005.
WARNING: memory/pipeline_decode.v:39: $readmemh: Standard inconsistency, following 1364-2005.
WARNING: memory/pipeline_decode.v:40: $readmemh: Standard inconsistency, following 1364-2005.
[5] RESET
[15] DECODE_PC=0xxxxxxxxx DECODE_I=0x0 ALU_PC=0x0 ALU_I=0x0 RETIRE_PC=0x0 exception=0000000000 memop_disable=0 ALU_br_late_done=0
[25] DECODE_PC=0x34 DECODE_I=0x24010001 ALU_PC=0xxxxxxxxx ALU_I=0x0 RETIRE_PC=0x0 exception=0000000000 memop_disable=0 ALU_br_late_done=0
[35] DECODE_PC=0x38 DECODE_I=0x11100 ALU_PC=0x34 ALU_I=0x24010001 RETIRE_PC=0x0 exception=000x000000 memop_disable=0 ALU_br_late_done=0
[45] DECODE_PC=0x3c DECODE_I=0x411821 ALU_PC=0x38 ALU_I=0x11100 RETIRE_PC=0xxxxxxxxx exception=0000000000 memop_disable=0 ALU_br_late_done=0
[55] DECODE_PC=0x40 DECODE_I=0x22082 ALU_PC=0x3c ALU_I=0x411821 RETIRE_PC=0x34 exception=0000000000 memop_disable=0 ALU_br_late_done=0
[65] DECODE_PC=0x44 DECODE_I=0x28990005 ALU_PC=0x40 ALU_I=0x22082 RETIRE_PC=0x38 exception=0000000000 memop_disable=0 ALU_br_late_done=0
[75] DECODE_PC=0x48 DECODE_I=0x721000e ALU_PC=0x44 ALU_I=0x28990005 RETIRE_PC=0x3c exception=0000000000 memop_disable=0 ALU_br_late_done=0
[85] DECODE_PC=0x4c DECODE_I=0x642823 ALU_PC=0x48 ALU_I=0x721000e RETIRE_PC=0x40 exception=0000000000 memop_disable=0 ALU_br_late_done=0
[95] DECODE_PC=0x50 DECODE_I=0xac050014 ALU_PC=0x4c ALU_I=0x642823 RETIRE_PC=0x44 exception=0000000000 memop_disable=0 ALU_br_late_done=0
[105] DECODE_PC=0x54 DECODE_I=0xa23027 ALU_PC=0x50 ALU_I=0xac050014 RETIRE_PC=0x48 exception=0000000000 memop_disable=0 ALU_br_late_done=0
[115] DECODE_PC=0x84 DECODE_I=0x3c0c000c ALU_PC=0x54 ALU_I=0xa23027 RETIRE_PC=0x4c exception=0000000000 memop_disable=1 ALU_br_late_done=0
[125] DECODE_PC=0x88 DECODE_I=0x4cd007 ALU_PC=0x84 ALU_I=0x3c0c000c RETIRE_PC=0x50 exception=0000000000 memop_disable=1 ALU_br_late_done=1
[135] DECODE_PC=0x8c DECODE_I=0x275b0044 ALU_PC=0x88 ALU_I=0x4cd007 RETIRE_PC=0x54 exception=0000000000 memop_disable=0 ALU_br_late_done=0
[145] DECODE_PC=0x90 DECODE_I=0x360f809 ALU_PC=0x8c ALU_I=0x275b0044 RETIRE_PC=0x84 exception=0000000000 memop_disable=0 ALU_br_late_done=0
[155] DECODE_PC=0x94 DECODE_I=0x24010008 ALU_PC=0x90 ALU_I=0x360f809 RETIRE_PC=0x88 exception=0000000000 memop_disable=0 ALU_br_late_done=0
[165] DECODE_PC=0x98 DECODE_I=0xa07a0005 ALU_PC=0x94 ALU_I=0x24010008 RETIRE_PC=0x8c exception=0000000000 memop_disable=0 ALU_br_late_done=0
[175] DECODE_PC=0x9c DECODE_I=0x143682b ALU_PC=0x98 ALU_I=0xa07a0005 RETIRE_PC=0x90 exception=0000000000 memop_disable=0 ALU_br_late_done=0
[185] DECODE_PC=0x50 DECODE_I=0xac050014 ALU_PC=0x9c ALU_I=0x143682b RETIRE_PC=0x94 exception=0000000000 memop_disable=1 ALU_br_late_done=0
[195] DECODE_PC=0x54 DECODE_I=0xa23027 ALU_PC=0x50 ALU_I=0xac050014 RETIRE_PC=0x98 exception=0000000000 memop_disable=1 ALU_br_late_done=1
[205] DECODE_PC=0x58 DECODE_I=0xc33825 ALU_PC=0x54 ALU_I=0xa23027 RETIRE_PC=0x9c exception=0000000000 memop_disable=0 ALU_br_late_done=0
[215] DECODE_PC=0x5c DECODE_I=0xe64026 ALU_PC=0x58 ALU_I=0xc33825 RETIRE_PC=0x50 exception=0000000000 memop_disable=0 ALU_br_late_done=0
[225] DECODE_PC=0x60 DECODE_I=0x11030002 ALU_PC=0x5c ALU_I=0xe64026 RETIRE_PC=0x54 exception=0000000000 memop_disable=0 ALU_br_late_done=0
[235] DECODE_PC=0x64 DECODE_I=0xac08001c ALU_PC=0x60 ALU_I=0x11030002 RETIRE_PC=0x58 exception=0000000000 memop_disable=0 ALU_br_late_done=0
[245] DECODE_PC=0x68 DECODE_I=0x22482a ALU_PC=0x64 ALU_I=0xac08001c RETIRE_PC=0x5c exception=0000000000 memop_disable=0 ALU_br_late_done=0
[255] DECODE_PC=0x6c DECODE_I=0x8c0a001c ALU_PC=0x68 ALU_I=0x22482a RETIRE_PC=0x60 exception=0000000000 memop_disable=0 ALU_br_late_done=0
[265] DECODE_PC=0x6c DECODE_I=0x0 ALU_PC=0x6c ALU_I=0x8c0a001c RETIRE_PC=0x64 exception=0000000000 memop_disable=1 ALU_br_late_done=0
[275] DECODE_PC=0x6c DECODE_I=0x0 ALU_PC=0x6c ALU_I=0x0 RETIRE_PC=0x68 exception=0000000000 memop_disable=1 ALU_br_late_done=1
[285] DECODE_PC=0x6c DECODE_I=0x8c0a001c ALU_PC=0x6c ALU_I=0x0 RETIRE_PC=0x6c exception=0000000000 memop_disable=0 ALU_br_late_done=0
[295] DECODE_PC=0x70 DECODE_I=0x0 ALU_PC=0x6c ALU_I=0x8c0a001c RETIRE_PC=0x6c exception=0000000000 memop_disable=0 ALU_br_late_done=0
[305] DECODE_PC=0x70 DECODE_I=0x0 ALU_PC=0x70 ALU_I=0x0 RETIRE_PC=0x6c exception=0000000000 memop_disable=0 ALU_br_late_done=0
[315] DECODE_PC=0x70 DECODE_I=0x15450002 ALU_PC=0x70 ALU_I=0x0 RETIRE_PC=0x6c exception=0000000000 memop_disable=0 ALU_br_late_done=0
[325] DECODE_PC=0x74 DECODE_I=0x415824 ALU_PC=0x70 ALU_I=0x15450002 RETIRE_PC=0x70 exception=0000000000 memop_disable=0 ALU_br_late_done=0
[335] DECODE_PC=0x78 DECODE_I=0xac0b001c ALU_PC=0x74 ALU_I=0x415824 RETIRE_PC=0x70 exception=0000000000 memop_disable=0 ALU_br_late_done=0
[345] DECODE_PC=0x7c DECODE_I=0xc000026 ALU_PC=0x78 ALU_I=0xac0b001c RETIRE_PC=0x70 exception=0000000000 memop_disable=0 ALU_br_late_done=0
[355] DECODE_PC=0x7c DECODE_I=0xc000026 ALU_PC=0x7c ALU_I=0xc000026 RETIRE_PC=0x74 exception=0000000000 memop_disable=1 ALU_br_late_done=0
[365] DECODE_PC=0x98 DECODE_I=0xa07a0005 ALU_PC=0x7c ALU_I=0xc000026 RETIRE_PC=0x78 exception=0000000000 memop_disable=1 ALU_br_late_done=1
[375] DECODE_PC=0x98 DECODE_I=0xa07a0005 ALU_PC=0x98 ALU_I=0xa07a0005 RETIRE_PC=0x7c exception=0000000000 memop_disable=0 ALU_br_late_done=0
[385] DECODE_PC=0x9c DECODE_I=0x143682b ALU_PC=0x98 ALU_I=0xa07a0005 RETIRE_PC=0x7c exception=0000000000 memop_disable=0 ALU_br_late_done=0
[395] DECODE_PC=0xa0 DECODE_I=0x1da00002 ALU_PC=0x9c ALU_I=0x143682b RETIRE_PC=0x98 exception=0000000000 memop_disable=0 ALU_br_late_done=0
[405] DECODE_PC=0xa4 DECODE_I=0x867004 ALU_PC=0xa0 ALU_I=0x1da00002 RETIRE_PC=0x98 exception=0000000000 memop_disable=0 ALU_br_late_done=0
[415] DECODE_PC=0xa8 DECODE_I=0xe7883 ALU_PC=0xa4 ALU_I=0x867004 RETIRE_PC=0x9c exception=0000000000 memop_disable=0 ALU_br_late_done=0
[425] DECODE_PC=0xac DECODE_I=0x2f8006 ALU_PC=0xa8 ALU_I=0xe7883 RETIRE_PC=0xa0 exception=0000000000 memop_disable=0 ALU_br_late_done=0
[435] DECODE_PC=0xb0 DECODE_I=0x1a000007 ALU_PC=0xac ALU_I=0x2f8006 RETIRE_PC=0xa4 exception=0000000000 memop_disable=0 ALU_br_late_done=0
[445] DECODE_PC=0xb4 DECODE_I=0x2f8007 ALU_PC=0xb0 ALU_I=0x1a000007 RETIRE_PC=0xa8 exception=0000000000 memop_disable=0 ALU_br_late_done=0
[455] DECODE_PC=0xb8 DECODE_I=0x6000006 ALU_PC=0xb4 ALU_I=0x2f8007 RETIRE_PC=0xac exception=0000000000 memop_disable=0 ALU_br_late_done=0
[465] DECODE_PC=0xbc DECODE_I=0x1a5900 ALU_PC=0xb8 ALU_I=0x6000006 RETIRE_PC=0xb0 exception=0000000000 memop_disable=0 ALU_br_late_done=0
[475] DECODE_PC=0xc0 DECODE_I=0x8d5c0003 ALU_PC=0xbc ALU_I=0x1a5900 RETIRE_PC=0xb4 exception=0000000000 memop_disable=0 ALU_br_late_done=0
[485] DECODE_PC=0xc4 DECODE_I=0x0 ALU_PC=0xc0 ALU_I=0x8d5c0003 RETIRE_PC=0xb8 exception=0000000000 memop_disable=0 ALU_br_late_done=0
[495] DECODE_PC=0xc4 DECODE_I=0x0 ALU_PC=0xc4 ALU_I=0x0 RETIRE_PC=0xbc exception=0000000000 memop_disable=1 ALU_br_late_done=0
[505] DECODE_PC=0xc4 DECODE_I=0x179d0007 ALU_PC=0xc4 ALU_I=0x0 RETIRE_PC=0xc0 exception=0000000000 memop_disable=1 ALU_br_late_done=0
[515] DECODE_PC=0xd4 DECODE_I=0x2df8ffff ALU_PC=0xc4 ALU_I=0x179d0007 RETIRE_PC=0xc4 exception=0000000000 memop_disable=1 ALU_br_late_done=0
[525] DECODE_PC=0xd8 DECODE_I=0x185e825 ALU_PC=0xd4 ALU_I=0x2df8ffff RETIRE_PC=0xc4 exception=0000000000 memop_disable=1 ALU_br_late_done=1
[535] DECODE_PC=0xdc DECODE_I=0x1600008 ALU_PC=0xd8 ALU_I=0x185e825 RETIRE_PC=0xc4 exception=0000000000 memop_disable=0 ALU_br_late_done=0
[545] DECODE_PC=0xe0 DECODE_I=0x31f4ffff ALU_PC=0xdc ALU_I=0x1600008 RETIRE_PC=0xd4 exception=0000000000 memop_disable=0 ALU_br_late_done=0
[555] DECODE_PC=0xe4 DECODE_I=0x35f5ffff ALU_PC=0xe0 ALU_I=0x31f4ffff RETIRE_PC=0xd8 exception=0000000000 memop_disable=0 ALU_br_late_done=0
[565] DECODE_PC=0xe8 DECODE_I=0x39f6ffff ALU_PC=0xe4 ALU_I=0x35f5ffff RETIRE_PC=0xdc exception=0000000000 memop_disable=0 ALU_br_late_done=0
[575] DECODE_PC=0xc0 DECODE_I=0x8d5c0003 ALU_PC=0xe8 ALU_I=0x39f6ffff RETIRE_PC=0xe0 exception=0000000000 memop_disable=1 ALU_br_late_done=0
[585] DECODE_PC=0xc4 DECODE_I=0x0 ALU_PC=0xc0 ALU_I=0x8d5c0003 RETIRE_PC=0xe4 exception=0000000000 memop_disable=1 ALU_br_late_done=1
[595] DECODE_PC=0xc4 DECODE_I=0x0 ALU_PC=0xc4 ALU_I=0x0 RETIRE_PC=0xe8 exception=0000000000 memop_disable=0 ALU_br_late_done=0
[605] DECODE_PC=0xc4 DECODE_I=0x179d0007 ALU_PC=0xc4 ALU_I=0x0 RETIRE_PC=0xc0 exception=0000000000 memop_disable=0 ALU_br_late_done=0
[615] DECODE_PC=0xc8 DECODE_I=0xa0af0008 ALU_PC=0xc4 ALU_I=0x179d0007 RETIRE_PC=0xc4 exception=0000000000 memop_disable=0 ALU_br_late_done=0
[625] DECODE_PC=0xcc DECODE_I=0x80b20008 ALU_PC=0xc8 ALU_I=0xa0af0008 RETIRE_PC=0xc4 exception=0000000000 memop_disable=0 ALU_br_late_done=0
[635] DECODE_PC=0xd0 DECODE_I=0x0 ALU_PC=0xcc ALU_I=0x80b20008 RETIRE_PC=0xc4 exception=0000000000 memop_disable=0 ALU_br_late_done=0
[645] DECODE_PC=0xd0 DECODE_I=0x0 ALU_PC=0xd0 ALU_I=0x0 RETIRE_PC=0xc8 exception=0000000000 memop_disable=0 ALU_br_late_done=0
[655] DECODE_PC=0xd0 DECODE_I=0x90b30008 ALU_PC=0xd0 ALU_I=0x0 RETIRE_PC=0xcc exception=0000000000 memop_disable=0 ALU_br_late_done=0
[665] DECODE_PC=0xd4 DECODE_I=0x0 ALU_PC=0xd0 ALU_I=0x90b30008 RETIRE_PC=0xd0 exception=0000000000 memop_disable=0 ALU_br_late_done=0
[675] DECODE_PC=0xd4 DECODE_I=0x0 ALU_PC=0xd4 ALU_I=0x0 RETIRE_PC=0xd0 exception=0000000000 memop_disable=0 ALU_br_late_done=0
[685] DECODE_PC=0xd4 DECODE_I=0x2df8ffff ALU_PC=0xd4 ALU_I=0x0 RETIRE_PC=0xd0 exception=0000000000 memop_disable=0 ALU_br_late_done=0
[695] DECODE_PC=0xd8 DECODE_I=0x185e825 ALU_PC=0xd4 ALU_I=0x2df8ffff RETIRE_PC=0xd4 exception=0000000000 memop_disable=0 ALU_br_late_done=0
[705] DECODE_PC=0xdc DECODE_I=0x1600008 ALU_PC=0xd8 ALU_I=0x185e825 RETIRE_PC=0xd4 exception=0000000000 memop_disable=0 ALU_br_late_done=0
[715] DECODE_PC=0xe0 DECODE_I=0x31f4ffff ALU_PC=0xdc ALU_I=0x1600008 RETIRE_PC=0xd4 exception=0000000000 memop_disable=0 ALU_br_late_done=0
[725] DECODE_PC=0xe4 DECODE_I=0x35f5ffff ALU_PC=0xe0 ALU_I=0x31f4ffff RETIRE_PC=0xd8 exception=0000000000 memop_disable=0 ALU_br_late_done=0
[735] DECODE_PC=0xe8 DECODE_I=0x39f6ffff ALU_PC=0xe4 ALU_I=0x35f5ffff RETIRE_PC=0xdc exception=0000000000 memop_disable=0 ALU_br_late_done=0
[745] DECODE_PC=0xc0 DECODE_I=0x8d5c0003 ALU_PC=0xe8 ALU_I=0x39f6ffff RETIRE_PC=0xe0 exception=0000000000 memop_disable=1 ALU_br_late_done=0
[755] DECODE_PC=0xc4 DECODE_I=0x0 ALU_PC=0xc0 ALU_I=0x8d5c0003 RETIRE_PC=0xe4 exception=0000000000 memop_disable=1 ALU_br_late_done=1
[765] DECODE_PC=0xc4 DECODE_I=0x0 ALU_PC=0xc4 ALU_I=0x0 RETIRE_PC=0xe8 exception=0000000000 memop_disable=0 ALU_br_late_done=0
[775] DECODE_PC=0xc4 DECODE_I=0x179d0007 ALU_PC=0xc4 ALU_I=0x0 RETIRE_PC=0xc0 exception=0000000000 memop_disable=0 ALU_br_late_done=0
[785] DECODE_PC=0xc8 DECODE_I=0xa0af0008 ALU_PC=0xc4 ALU_I=0x179d0007 RETIRE_PC=0xc4 exception=0000000000 memop_disable=0 ALU_br_late_done=0
[795] DECODE_PC=0xcc DECODE_I=0x80b20008 ALU_PC=0xc8 ALU_I=0xa0af0008 RETIRE_PC=0xc4 exception=0000000000 memop_disable=0 ALU_br_late_done=0
[805] DECODE_PC=0xd0 DECODE_I=0x0 ALU_PC=0xcc ALU_I=0x80b20008 RETIRE_PC=0xc4 exception=0000000000 memop_disable=0 ALU_br_late_done=0
[815] DECODE_PC=0xd0 DECODE_I=0x0 ALU_PC=0xd0 ALU_I=0x0 RETIRE_PC=0xc8 exception=0000000000 memop_disable=1 ALU_br_late_done=0
[825] DECODE_PC=0xd0 DECODE_I=0x90b30008 ALU_PC=0xd0 ALU_I=0x0 RETIRE_PC=0xcc exception=0000000000 memop_disable=1 ALU_br_late_done=0
[835] DECODE_PC=0xe4 DECODE_I=0x0 ALU_PC=0xd0 ALU_I=0x90b30008 RETIRE_PC=0xd0 exception=0000000000 memop_disable=1 ALU_br_late_done=0
[845] DECODE_PC=0xe4 DECODE_I=0x0 ALU_PC=0xe4 ALU_I=0x0 RETIRE_PC=0xd0 exception=0000000000 memop_disable=1 ALU_br_late_done=1
[855] DECODE_PC=0xe4 DECODE_I=0x35f5ffff ALU_PC=0xe4 ALU_I=0x0 RETIRE_PC=0xd0 exception=0000000000 memop_disable=0 ALU_br_late_done=0
[865] DECODE_PC=0xe8 DECODE_I=0x39f6ffff ALU_PC=0xe4 ALU_I=0x35f5ffff RETIRE_PC=0xe4 exception=0000000000 memop_disable=0 ALU_br_late_done=0
[875] DECODE_PC=0xec DECODE_I=0x19d0018 ALU_PC=0xe8 ALU_I=0x39f6ffff RETIRE_PC=0xe4 exception=0000000000 memop_disable=0 ALU_br_late_done=0
[885] DECODE_PC=0xf0 DECODE_I=0x0 ALU_PC=0xec ALU_I=0x19d0018 RETIRE_PC=0xe4 exception=0000000000 memop_disable=0 ALU_br_late_done=0
[895] DECODE_PC=0xf0 DECODE_I=0xb812 ALU_PC=0xf0 ALU_I=0x0 RETIRE_PC=0xe8 exception=0000000000 memop_disable=0 ALU_br_late_done=0
[905] DECODE_PC=0xf4 DECODE_I=0xf010 ALU_PC=0xf0 ALU_I=0xb812 RETIRE_PC=0xec exception=0000000000 memop_disable=0 ALU_br_late_done=0
[915] DECODE_PC=0xf8 DECODE_I=0x3400013 ALU_PC=0xf4 ALU_I=0xf010 RETIRE_PC=0xf0 exception=0000000000 memop_disable=0 ALU_br_late_done=0
[925] DECODE_PC=0xfc DECODE_I=0x0 ALU_PC=0xf8 ALU_I=0x3400013 RETIRE_PC=0xf0 exception=0000000000 memop_disable=0 ALU_br_late_done=0
[935] DECODE_PC=0xfc DECODE_I=0x3600011 ALU_PC=0xfc ALU_I=0x0 RETIRE_PC=0xf4 exception=0000000000 memop_disable=0 ALU_br_late_done=0
[945] DECODE_PC=0x100 DECODE_I=0x0 ALU_PC=0xfc ALU_I=0x3600011 RETIRE_PC=0xf8 exception=0000000000 memop_disable=0 ALU_br_late_done=0
[955] DECODE_PC=0x100 DECODE_I=0x40807000 ALU_PC=0x100 ALU_I=0x0 RETIRE_PC=0xfc exception=0000000000 memop_disable=0 ALU_br_late_done=0
[965] DECODE_PC=0x104 DECODE_I=0x0 ALU_PC=0x100 ALU_I=0x40807000 RETIRE_PC=0xfc exception=0000000000 memop_disable=0 ALU_br_late_done=0
[975] DECODE_PC=0x104 DECODE_I=0xc ALU_PC=0x104 ALU_I=0x0 RETIRE_PC=0x100 exception=0000000000 memop_disable=0 ALU_br_late_done=0
[985] DECODE_PC=0x108 DECODE_I=0x40027000 ALU_PC=0x104 ALU_I=0xc RETIRE_PC=0x100 exception=0000000000 memop_disable=0 ALU_br_late_done=0
[995] DECODE_PC=0x10c DECODE_I=0x0 ALU_PC=0x108 ALU_I=0x40027000 RETIRE_PC=0x104 exception=0000000000 memop_disable=0 ALU_br_late_done=0
[1005] DECODE_PC=0x10c DECODE_I=0x0 ALU_PC=0x10c ALU_I=0x0 RETIRE_PC=0x104 exception=0000000000 memop_disable=1 ALU_br_late_done=0
[1015] DECODE_PC=0x10c DECODE_I=0x40036800 ALU_PC=0x10c ALU_I=0x0 RETIRE_PC=0x108 exception=0000000000 memop_disable=1 ALU_br_late_done=0
[1025] DECODE_PC=0x0 DECODE_I=0x0 ALU_PC=0x10c ALU_I=0x40036800 RETIRE_PC=0x10c exception=0000000000 memop_disable=1 ALU_br_late_done=0
[1035] DECODE_PC=0x0 DECODE_I=0x0 ALU_PC=0x0 ALU_I=0x0 RETIRE_PC=0x10c exception=0000000000 memop_disable=1 ALU_br_late_done=1
[1045] DECODE_PC=0x0 DECODE_I=0xac010000 ALU_PC=0x0 ALU_I=0x0 RETIRE_PC=0x10c exception=0000000000 memop_disable=0 ALU_br_late_done=0
[1055] DECODE_PC=0x4 DECODE_I=0xac020004 ALU_PC=0x0 ALU_I=0xac010000 RETIRE_PC=0x0 exception=0000000000 memop_disable=0 ALU_br_late_done=0
[1065] DECODE_PC=0x8 DECODE_I=0xac030008 ALU_PC=0x4 ALU_I=0xac020004 RETIRE_PC=0x0 exception=0000000000 memop_disable=0 ALU_br_late_done=0
[1075] DECODE_PC=0xc DECODE_I=0xac04000c ALU_PC=0x8 ALU_I=0xac030008 RETIRE_PC=0x0 exception=0000000000 memop_disable=0 ALU_br_late_done=0
[1085] DECODE_PC=0x10 DECODE_I=0xac050010 ALU_PC=0xc ALU_I=0xac04000c RETIRE_PC=0x4 exception=0000000000 memop_disable=0 ALU_br_late_done=0
[1095] DECODE_PC=0x14 DECODE_I=0xac060018 ALU_PC=0x10 ALU_I=0xac050010 RETIRE_PC=0x8 exception=0000000000 memop_disable=0 ALU_br_late_done=0
[1105] DECODE_PC=0x18 DECODE_I=0xac070070 ALU_PC=0x14 ALU_I=0xac060018 RETIRE_PC=0xc exception=0000000000 memop_disable=0 ALU_br_late_done=0
[1115] DECODE_PC=0x1c DECODE_I=0xac190074 ALU_PC=0x18 ALU_I=0xac070070 RETIRE_PC=0x10 exception=0000000000 memop_disable=0 ALU_br_late_done=0
[1125] DECODE_PC=0x20 DECODE_I=0xac0d0078 ALU_PC=0x1c ALU_I=0xac190074 RETIRE_PC=0x14 exception=0000000000 memop_disable=0 ALU_br_late_done=0
[1135] DECODE_PC=0x24 DECODE_I=0x40017000 ALU_PC=0x20 ALU_I=0xac0d0078 RETIRE_PC=0x18 exception=0000000000 memop_disable=0 ALU_br_late_done=0
[1145] DECODE_PC=0x28 DECODE_I=0x0 ALU_PC=0x24 ALU_I=0x40017000 RETIRE_PC=0x1c exception=0000000000 memop_disable=0 ALU_br_late_done=0
[1155] DECODE_PC=0x28 DECODE_I=0x0 ALU_PC=0x28 ALU_I=0x0 RETIRE_PC=0x20 exception=0000000000 memop_disable=0 ALU_br_late_done=0
[1165] DECODE_PC=0x28 DECODE_I=0x24210004 ALU_PC=0x28 ALU_I=0x0 RETIRE_PC=0x24 exception=0000000000 memop_disable=0 ALU_br_late_done=0
[1175] DECODE_PC=0x2c DECODE_I=0x40817000 ALU_PC=0x28 ALU_I=0x24210004 RETIRE_PC=0x28 exception=0000000000 memop_disable=0 ALU_br_late_done=0
[1185] DECODE_PC=0x30 DECODE_I=0x0 ALU_PC=0x2c ALU_I=0x40817000 RETIRE_PC=0x28 exception=0000000000 memop_disable=0 ALU_br_late_done=0
[1195] DECODE_PC=0x30 DECODE_I=0x42000018 ALU_PC=0x30 ALU_I=0x0 RETIRE_PC=0x28 exception=0000000000 memop_disable=0 ALU_br_late_done=0
[1205] DECODE_PC=0x34 DECODE_I=0x24010001 ALU_PC=0x30 ALU_I=0x42000018 RETIRE_PC=0x2c exception=0000000000 memop_disable=0 ALU_br_late_done=0
[1215] DECODE_PC=0x38 DECODE_I=0x11100 ALU_PC=0x34 ALU_I=0x24010001 RETIRE_PC=0x30 exception=0000000000 memop_disable=0 ALU_br_late_done=0
[1225] DECODE_PC=0x3c DECODE_I=0x411821 ALU_PC=0x38 ALU_I=0x11100 RETIRE_PC=0x30 exception=0000000000 memop_disable=1 ALU_br_late_done=0
[1235] DECODE_PC=0x108 DECODE_I=0x40027000 ALU_PC=0x3c ALU_I=0x411821 RETIRE_PC=0x34 exception=0000000000 memop_disable=1 ALU_br_late_done=0
[1245] DECODE_PC=0x10c DECODE_I=0x0 ALU_PC=0x108 ALU_I=0x40027000 RETIRE_PC=0x38 exception=0000000000 memop_disable=1 ALU_br_late_done=1
[1255] DECODE_PC=0x10c DECODE_I=0x0 ALU_PC=0x10c ALU_I=0x0 RETIRE_PC=0x3c exception=0000000000 memop_disable=0 ALU_br_late_done=0
[1265] DECODE_PC=0x10c DECODE_I=0x40036800 ALU_PC=0x10c ALU_I=0x0 RETIRE_PC=0x108 exception=0000000000 memop_disable=0 ALU_br_late_done=0
[1275] DECODE_PC=0x110 DECODE_I=0x0 ALU_PC=0x10c ALU_I=0x40036800 RETIRE_PC=0x10c exception=0000000000 memop_disable=0 ALU_br_late_done=0
[1285] DECODE_PC=0x110 DECODE_I=0x0 ALU_PC=0x110 ALU_I=0x0 RETIRE_PC=0x10c exception=0000000000 memop_disable=0 ALU_br_late_done=0
[1295] DECODE_PC=0x110 DECODE_I=0x40046000 ALU_PC=0x110 ALU_I=0x0 RETIRE_PC=0x10c exception=0000000000 memop_disable=0 ALU_br_late_done=0
[1305] DECODE_PC=0x114 DECODE_I=0x0 ALU_PC=0x110 ALU_I=0x40046000 RETIRE_PC=0x110 exception=0000000000 memop_disable=0 ALU_br_late_done=0
[1315] DECODE_PC=0x114 DECODE_I=0x0 ALU_PC=0x114 ALU_I=0x0 RETIRE_PC=0x110 exception=0000000000 memop_disable=0 ALU_br_late_done=0
[1325] DECODE_PC=0x114 DECODE_I=0x24010020 ALU_PC=0x114 ALU_I=0x0 RETIRE_PC=0x110 exception=0000000000 memop_disable=0 ALU_br_late_done=0
[1335] DECODE_PC=0x118 DECODE_I=0x1ee882a ALU_PC=0x114 ALU_I=0x24010020 RETIRE_PC=0x114 exception=0000000000 memop_disable=0 ALU_br_late_done=0
[1345] DECODE_PC=0x11c DECODE_I=0x3c111234 ALU_PC=0x118 ALU_I=0x1ee882a RETIRE_PC=0x114 exception=0000000000 memop_disable=0 ALU_br_late_done=0
[1355] DECODE_PC=0x120 DECODE_I=0x26315678 ALU_PC=0x11c ALU_I=0x3c111234 RETIRE_PC=0x114 exception=0000000000 memop_disable=0 ALU_br_late_done=0
[1365] DECODE_PC=0x124 DECODE_I=0xac310000 ALU_PC=0x120 ALU_I=0x26315678 RETIRE_PC=0x118 exception=0000000000 memop_disable=0 ALU_br_late_done=0
[1375] DECODE_PC=0x128 DECODE_I=0x118900 ALU_PC=0x124 ALU_I=0xac310000 RETIRE_PC=0x11c exception=0000000000 memop_disable=0 ALU_br_late_done=0
[1385] DECODE_PC=0x12c DECODE_I=0x1e20fffd ALU_PC=0x128 ALU_I=0x118900 RETIRE_PC=0x120 exception=0000000000 memop_disable=0 ALU_br_late_done=0
[1395] DECODE_PC=0x130 DECODE_I=0x24210004 ALU_PC=0x12c ALU_I=0x1e20fffd RETIRE_PC=0x124 exception=0000000000 memop_disable=0 ALU_br_late_done=0
[1405] DECODE_PC=0x124 DECODE_I=0xac310000 ALU_PC=0x130 ALU_I=0x24210004 RETIRE_PC=0x128 exception=0000000000 memop_disable=0 ALU_br_late_done=0
[1415] DECODE_PC=0x128 DECODE_I=0x118900 ALU_PC=0x124 ALU_I=0xac310000 RETIRE_PC=0x12c exception=0000000000 memop_disable=0 ALU_br_late_done=0
[1425] DECODE_PC=0x12c DECODE_I=0x1e20fffd ALU_PC=0x128 ALU_I=0x118900 RETIRE_PC=0x130 exception=0000000000 memop_disable=0 ALU_br_late_done=0
[1435] DECODE_PC=0x130 DECODE_I=0x24210004 ALU_PC=0x12c ALU_I=0x1e20fffd RETIRE_PC=0x124 exception=0000000000 memop_disable=0 ALU_br_late_done=0
[1445] DECODE_PC=0x124 DECODE_I=0xac310000 ALU_PC=0x130 ALU_I=0x24210004 RETIRE_PC=0x128 exception=0000000000 memop_disable=0 ALU_br_late_done=0
[1455] DECODE_PC=0x128 DECODE_I=0x118900 ALU_PC=0x124 ALU_I=0xac310000 RETIRE_PC=0x12c exception=0000000000 memop_disable=0 ALU_br_late_done=0
[1465] DECODE_PC=0x12c DECODE_I=0x1e20fffd ALU_PC=0x128 ALU_I=0x118900 RETIRE_PC=0x130 exception=0000000000 memop_disable=0 ALU_br_late_done=0
[1475] DECODE_PC=0x130 DECODE_I=0x24210004 ALU_PC=0x12c ALU_I=0x1e20fffd RETIRE_PC=0x124 exception=0000000000 memop_disable=0 ALU_br_late_done=0
[1485] DECODE_PC=0x124 DECODE_I=0xac310000 ALU_PC=0x130 ALU_I=0x24210004 RETIRE_PC=0x128 exception=0000000000 memop_disable=0 ALU_br_late_done=0
[1495] DECODE_PC=0x128 DECODE_I=0x118900 ALU_PC=0x124 ALU_I=0xac310000 RETIRE_PC=0x12c exception=0000000000 memop_disable=0 ALU_br_late_done=0
[1505] DECODE_PC=0x12c DECODE_I=0x1e20fffd ALU_PC=0x128 ALU_I=0x118900 RETIRE_PC=0x130 exception=0000000000 memop_disable=0 ALU_br_late_done=0
[1515] DECODE_PC=0x130 DECODE_I=0x24210004 ALU_PC=0x12c ALU_I=0x1e20fffd RETIRE_PC=0x124 exception=0000000000 memop_disable=0 ALU_br_late_done=0
[1525] DECODE_PC=0x124 DECODE_I=0xac310000 ALU_PC=0x130 ALU_I=0x24210004 RETIRE_PC=0x128 exception=0000000000 memop_disable=0 ALU_br_late_done=0
[1535] DECODE_PC=0x128 DECODE_I=0x118900 ALU_PC=0x124 ALU_I=0xac310000 RETIRE_PC=0x12c exception=0000000000 memop_disable=0 ALU_br_late_done=0
[1545] DECODE_PC=0x12c DECODE_I=0x1e20fffd ALU_PC=0x128 ALU_I=0x118900 RETIRE_PC=0x130 exception=0000000000 memop_disable=0 ALU_br_late_done=0
[1555] DECODE_PC=0x130 DECODE_I=0x24210004 ALU_PC=0x12c ALU_I=0x1e20fffd RETIRE_PC=0x124 exception=0000000000 memop_disable=0 ALU_br_late_done=0
[1565] DECODE_PC=0x124 DECODE_I=0xac310000 ALU_PC=0x130 ALU_I=0x24210004 RETIRE_PC=0x128 exception=0000000000 memop_disable=0 ALU_br_late_done=0
[1575] DECODE_PC=0x128 DECODE_I=0x118900 ALU_PC=0x124 ALU_I=0xac310000 RETIRE_PC=0x12c exception=0000000000 memop_disable=0 ALU_br_late_done=0
[1585] DECODE_PC=0x12c DECODE_I=0x1e20fffd ALU_PC=0x128 ALU_I=0x118900 RETIRE_PC=0x130 exception=0000000000 memop_disable=0 ALU_br_late_done=0
[1595] DECODE_PC=0x130 DECODE_I=0x24210004 ALU_PC=0x12c ALU_I=0x1e20fffd RETIRE_PC=0x124 exception=0000000000 memop_disable=0 ALU_br_late_done=0
[1605] DECODE_PC=0x124 DECODE_I=0xac310000 ALU_PC=0x130 ALU_I=0x24210004 RETIRE_PC=0x128 exception=0000000000 memop_disable=0 ALU_br_late_done=0
[1615] DECODE_PC=0x128 DECODE_I=0x118900 ALU_PC=0x124 ALU_I=0xac310000 RETIRE_PC=0x12c exception=0000000000 memop_disable=0 ALU_br_late_done=0
[1625] DECODE_PC=0x12c DECODE_I=0x1e20fffd ALU_PC=0x128 ALU_I=0x118900 RETIRE_PC=0x130 exception=0000000000 memop_disable=0 ALU_br_late_done=0
[1635] DECODE_PC=0x130 DECODE_I=0x24210004 ALU_PC=0x12c ALU_I=0x1e20fffd RETIRE_PC=0x124 exception=0000000000 memop_disable=0 ALU_br_late_done=0
[1645] DECODE_PC=0x124 DECODE_I=0xac310000 ALU_PC=0x130 ALU_I=0x24210004 RETIRE_PC=0x128 exception=0000000000 memop_disable=0 ALU_br_late_done=0
[1655] DECODE_PC=0x128 DECODE_I=0x118900 ALU_PC=0x124 ALU_I=0xac310000 RETIRE_PC=0x12c exception=0000000000 memop_disable=0 ALU_br_late_done=0
[1665] DECODE_PC=0x134 DECODE_I=0x2402003c ALU_PC=0x128 ALU_I=0x118900 RETIRE_PC=0x130 exception=0000000000 memop_disable=1 ALU_br_late_done=0
[1675] DECODE_PC=0x138 DECODE_I=0x8c31ffe4 ALU_PC=0x134 ALU_I=0x2402003c RETIRE_PC=0x124 exception=0000000000 memop_disable=1 ALU_br_late_done=1
[1685] DECODE_PC=0x13c DECODE_I=0x0 ALU_PC=0x138 ALU_I=0x8c31ffe4 RETIRE_PC=0x128 exception=0000000000 memop_disable=0 ALU_br_late_done=0
[1695] DECODE_PC=0x13c DECODE_I=0x0 ALU_PC=0x13c ALU_I=0x0 RETIRE_PC=0x134 exception=0000000000 memop_disable=0 ALU_br_late_done=0
[1705] DECODE_PC=0x13c DECODE_I=0x118902 ALU_PC=0x13c ALU_I=0x0 RETIRE_PC=0x138 exception=0000000000 memop_disable=0 ALU_br_late_done=0
[1715] DECODE_PC=0x140 DECODE_I=0xac510000 ALU_PC=0x13c ALU_I=0x118902 RETIRE_PC=0x13c exception=0000000000 memop_disable=0 ALU_br_late_done=0
[1725] DECODE_PC=0x144 DECODE_I=0x1620fffd ALU_PC=0x140 ALU_I=0xac510000 RETIRE_PC=0x13c exception=0000000000 memop_disable=0 ALU_br_late_done=0
[1735] DECODE_PC=0x148 DECODE_I=0x24420004 ALU_PC=0x144 ALU_I=0x1620fffd RETIRE_PC=0x13c exception=0000000000 memop_disable=0 ALU_br_late_done=0
[1745] DECODE_PC=0x13c DECODE_I=0x118902 ALU_PC=0x148 ALU_I=0x24420004 RETIRE_PC=0x140 exception=0000000000 memop_disable=0 ALU_br_late_done=0
[1755] DECODE_PC=0x140 DECODE_I=0xac510000 ALU_PC=0x13c ALU_I=0x118902 RETIRE_PC=0x144 exception=0000000000 memop_disable=0 ALU_br_late_done=0
[1765] DECODE_PC=0x144 DECODE_I=0x1620fffd ALU_PC=0x140 ALU_I=0xac510000 RETIRE_PC=0x148 exception=0000000000 memop_disable=0 ALU_br_late_done=0
[1775] DECODE_PC=0x148 DECODE_I=0x24420004 ALU_PC=0x144 ALU_I=0x1620fffd RETIRE_PC=0x13c exception=0000000000 memop_disable=0 ALU_br_late_done=0
[1785] DECODE_PC=0x13c DECODE_I=0x118902 ALU_PC=0x148 ALU_I=0x24420004 RETIRE_PC=0x140 exception=0000000000 memop_disable=0 ALU_br_late_done=0
[1795] DECODE_PC=0x140 DECODE_I=0xac510000 ALU_PC=0x13c ALU_I=0x118902 RETIRE_PC=0x144 exception=0000000000 memop_disable=0 ALU_br_late_done=0
[1805] DECODE_PC=0x144 DECODE_I=0x1620fffd ALU_PC=0x140 ALU_I=0xac510000 RETIRE_PC=0x148 exception=0000000000 memop_disable=0 ALU_br_late_done=0
[1815] DECODE_PC=0x148 DECODE_I=0x24420004 ALU_PC=0x144 ALU_I=0x1620fffd RETIRE_PC=0x13c exception=0000000000 memop_disable=0 ALU_br_late_done=0
[1825] DECODE_PC=0x13c DECODE_I=0x118902 ALU_PC=0x148 ALU_I=0x24420004 RETIRE_PC=0x140 exception=0000000000 memop_disable=0 ALU_br_late_done=0
[1835] DECODE_PC=0x140 DECODE_I=0xac510000 ALU_PC=0x13c ALU_I=0x118902 RETIRE_PC=0x144 exception=0000000000 memop_disable=0 ALU_br_late_done=0
[1845] DECODE_PC=0x144 DECODE_I=0x1620fffd ALU_PC=0x140 ALU_I=0xac510000 RETIRE_PC=0x148 exception=0000000000 memop_disable=0 ALU_br_late_done=0
[1855] DECODE_PC=0x148 DECODE_I=0x24420004 ALU_PC=0x144 ALU_I=0x1620fffd RETIRE_PC=0x13c exception=0000000000 memop_disable=0 ALU_br_late_done=0
[1865] DECODE_PC=0x13c DECODE_I=0x118902 ALU_PC=0x148 ALU_I=0x24420004 RETIRE_PC=0x140 exception=0000000000 memop_disable=0 ALU_br_late_done=0
[1875] DECODE_PC=0x140 DECODE_I=0xac510000 ALU_PC=0x13c ALU_I=0x118902 RETIRE_PC=0x144 exception=0000000000 memop_disable=0 ALU_br_late_done=0
[1885] DECODE_PC=0x144 DECODE_I=0x1620fffd ALU_PC=0x140 ALU_I=0xac510000 RETIRE_PC=0x148 exception=0000000000 memop_disable=0 ALU_br_late_done=0
[1895] DECODE_PC=0x148 DECODE_I=0x24420004 ALU_PC=0x144 ALU_I=0x1620fffd RETIRE_PC=0x13c exception=0000000000 memop_disable=0 ALU_br_late_done=0
[1905] DECODE_PC=0x13c DECODE_I=0x118902 ALU_PC=0x148 ALU_I=0x24420004 RETIRE_PC=0x140 exception=0000000000 memop_disable=0 ALU_br_late_done=0
[1915] DECODE_PC=0x140 DECODE_I=0xac510000 ALU_PC=0x13c ALU_I=0x118902 RETIRE_PC=0x144 exception=0000000000 memop_disable=0 ALU_br_late_done=0
[1925] DECODE_PC=0x144 DECODE_I=0x1620fffd ALU_PC=0x140 ALU_I=0xac510000 RETIRE_PC=0x148 exception=0000000000 memop_disable=0 ALU_br_late_done=0
[1935] DECODE_PC=0x148 DECODE_I=0x24420004 ALU_PC=0x144 ALU_I=0x1620fffd RETIRE_PC=0x13c exception=0000000000 memop_disable=0 ALU_br_late_done=0
[1945] DECODE_PC=0x13c DECODE_I=0x118902 ALU_PC=0x148 ALU_I=0x24420004 RETIRE_PC=0x140 exception=0000000000 memop_disable=0 ALU_br_late_done=0
[1955] DECODE_PC=0x140 DECODE_I=0xac510000 ALU_PC=0x13c ALU_I=0x118902 RETIRE_PC=0x144 exception=0000000000 memop_disable=0 ALU_br_late_done=0
[1965] DECODE_PC=0x144 DECODE_I=0x1620fffd ALU_PC=0x140 ALU_I=0xac510000 RETIRE_PC=0x148 exception=0000000000 memop_disable=0 ALU_br_late_done=0
[1975] DECODE_PC=0x148 DECODE_I=0x24420004 ALU_PC=0x144 ALU_I=0x1620fffd RETIRE_PC=0x13c exception=0000000000 memop_disable=0 ALU_br_late_done=0
[1985] DECODE_PC=0x13c DECODE_I=0x118902 ALU_PC=0x148 ALU_I=0x24420004 RETIRE_PC=0x140 exception=0000000000 memop_disable=0 ALU_br_late_done=0
[1995] DECODE_PC=0x140 DECODE_I=0xac510000 ALU_PC=0x13c ALU_I=0x118902 RETIRE_PC=0x144 exception=0000000000 memop_disable=0 ALU_br_late_done=0
[2005] DECODE_PC=0x144 DECODE_I=0x1620fffd ALU_PC=0x140 ALU_I=0xac510000 RETIRE_PC=0x148 exception=0000000000 memop_disable=0 ALU_br_late_done=0
[2015] DECODE_PC=0x148 DECODE_I=0x24420004 ALU_PC=0x144 ALU_I=0x1620fffd RETIRE_PC=0x13c exception=0000000000 memop_disable=0 ALU_br_late_done=0
[2025] DECODE_PC=0x13c DECODE_I=0x118902 ALU_PC=0x148 ALU_I=0x24420004 RETIRE_PC=0x140 exception=0000000000 memop_disable=0 ALU_br_late_done=0
[2035] DECODE_PC=0x140 DECODE_I=0xac510000 ALU_PC=0x13c ALU_I=0x118902 RETIRE_PC=0x144 exception=0000000000 memop_disable=0 ALU_br_late_done=0
[2045] DECODE_PC=0x14c DECODE_I=0x24060044 ALU_PC=0x140 ALU_I=0xac510000 RETIRE_PC=0x148 exception=0000000000 memop_disable=1 ALU_br_late_done=0
[2055] DECODE_PC=0x150 DECODE_I=0x24070064 ALU_PC=0x14c ALU_I=0x24060044 RETIRE_PC=0x13c exception=0000000000 memop_disable=1 ALU_br_late_done=1
[2065] DECODE_PC=0x154 DECODE_I=0x8c23ffe4 ALU_PC=0x150 ALU_I=0x24070064 RETIRE_PC=0x140 exception=0000000000 memop_disable=0 ALU_br_late_done=0
[2075] DECODE_PC=0x158 DECODE_I=0x0 ALU_PC=0x154 ALU_I=0x8c23ffe4 RETIRE_PC=0x14c exception=0000000000 memop_disable=0 ALU_br_late_done=0
[2085] DECODE_PC=0x158 DECODE_I=0x0 ALU_PC=0x158 ALU_I=0x0 RETIRE_PC=0x150 exception=0000000000 memop_disable=0 ALU_br_late_done=0
[2095] DECODE_PC=0x158 DECODE_I=0x8c44fffc ALU_PC=0x158 ALU_I=0x0 RETIRE_PC=0x154 exception=0000000000 memop_disable=0 ALU_br_late_done=0
[2105] DECODE_PC=0x15c DECODE_I=0x0 ALU_PC=0x158 ALU_I=0x8c44fffc RETIRE_PC=0x158 exception=0000000000 memop_disable=0 ALU_br_late_done=0
[2115] DECODE_PC=0x15c DECODE_I=0x0 ALU_PC=0x15c ALU_I=0x0 RETIRE_PC=0x158 exception=0000000000 memop_disable=0 ALU_br_late_done=0
[2125] DECODE_PC=0x15c DECODE_I=0x642825 ALU_PC=0x15c ALU_I=0x0 RETIRE_PC=0x158 exception=0000000000 memop_disable=0 ALU_br_late_done=0
[2135] DECODE_PC=0x160 DECODE_I=0xa0e50000 ALU_PC=0x15c ALU_I=0x642825 RETIRE_PC=0x15c exception=0000000000 memop_disable=0 ALU_br_late_done=0
[2145] DECODE_PC=0x164 DECODE_I=0x24e70001 ALU_PC=0x160 ALU_I=0xa0e50000 RETIRE_PC=0x15c exception=0000000000 memop_disable=0 ALU_br_late_done=0
[2155] DECODE_PC=0x168 DECODE_I=0x24210004 ALU_PC=0x164 ALU_I=0x24e70001 RETIRE_PC=0x15c exception=0000000000 memop_disable=0 ALU_br_late_done=0
[2165] DECODE_PC=0x16c DECODE_I=0x1446fff9 ALU_PC=0x168 ALU_I=0x24210004 RETIRE_PC=0x160 exception=0000000000 memop_disable=0 ALU_br_late_done=0
[2175] DECODE_PC=0x170 DECODE_I=0x2442fffc ALU_PC=0x16c ALU_I=0x1446fff9 RETIRE_PC=0x164 exception=0000000000 memop_disable=0 ALU_br_late_done=0
[2185] DECODE_PC=0x154 DECODE_I=0x8c23ffe4 ALU_PC=0x170 ALU_I=0x2442fffc RETIRE_PC=0x168 exception=0000000000 memop_disable=0 ALU_br_late_done=0
[2195] DECODE_PC=0x158 DECODE_I=0x0 ALU_PC=0x154 ALU_I=0x8c23ffe4 RETIRE_PC=0x16c exception=0000000000 memop_disable=0 ALU_br_late_done=0
[2205] DECODE_PC=0x158 DECODE_I=0x0 ALU_PC=0x158 ALU_I=0x0 RETIRE_PC=0x170 exception=0000000000 memop_disable=0 ALU_br_late_done=0
[2215] DECODE_PC=0x158 DECODE_I=0x8c44fffc ALU_PC=0x158 ALU_I=0x0 RETIRE_PC=0x154 exception=0000000000 memop_disable=0 ALU_br_late_done=0
[2225] DECODE_PC=0x15c DECODE_I=0x0 ALU_PC=0x158 ALU_I=0x8c44fffc RETIRE_PC=0x158 exception=0000000000 memop_disable=0 ALU_br_late_done=0
[2235] DECODE_PC=0x15c DECODE_I=0x0 ALU_PC=0x15c ALU_I=0x0 RETIRE_PC=0x158 exception=0000000000 memop_disable=0 ALU_br_late_done=0
[2245] DECODE_PC=0x15c DECODE_I=0x642825 ALU_PC=0x15c ALU_I=0x0 RETIRE_PC=0x158 exception=0000000000 memop_disable=0 ALU_br_late_done=0
[2255] DECODE_PC=0x160 DECODE_I=0xa0e50000 ALU_PC=0x15c ALU_I=0x642825 RETIRE_PC=0x15c exception=0000000000 memop_disable=0 ALU_br_late_done=0
[2265] DECODE_PC=0x164 DECODE_I=0x24e70001 ALU_PC=0x160 ALU_I=0xa0e50000 RETIRE_PC=0x15c exception=0000000000 memop_disable=0 ALU_br_late_done=0
[2275] DECODE_PC=0x168 DECODE_I=0x24210004 ALU_PC=0x164 ALU_I=0x24e70001 RETIRE_PC=0x15c exception=0000000000 memop_disable=0 ALU_br_late_done=0
[2285] DECODE_PC=0x16c DECODE_I=0x1446fff9 ALU_PC=0x168 ALU_I=0x24210004 RETIRE_PC=0x160 exception=0000000000 memop_disable=0 ALU_br_late_done=0
[2295] DECODE_PC=0x170 DECODE_I=0x2442fffc ALU_PC=0x16c ALU_I=0x1446fff9 RETIRE_PC=0x164 exception=0000000000 memop_disable=0 ALU_br_late_done=0
[2305] DECODE_PC=0x154 DECODE_I=0x8c23ffe4 ALU_PC=0x170 ALU_I=0x2442fffc RETIRE_PC=0x168 exception=0000000000 memop_disable=0 ALU_br_late_done=0
[2315] DECODE_PC=0x158 DECODE_I=0x0 ALU_PC=0x154 ALU_I=0x8c23ffe4 RETIRE_PC=0x16c exception=0000000000 memop_disable=0 ALU_br_late_done=0
[2325] DECODE_PC=0x158 DECODE_I=0x0 ALU_PC=0x158 ALU_I=0x0 RETIRE_PC=0x170 exception=0000000000 memop_disable=0 ALU_br_late_done=0
[2335] DECODE_PC=0x158 DECODE_I=0x8c44fffc ALU_PC=0x158 ALU_I=0x0 RETIRE_PC=0x154 exception=0000000000 memop_disable=0 ALU_br_late_done=0
[2345] DECODE_PC=0x15c DECODE_I=0x0 ALU_PC=0x158 ALU_I=0x8c44fffc RETIRE_PC=0x158 exception=0000000000 memop_disable=0 ALU_br_late_done=0
[2355] DECODE_PC=0x15c DECODE_I=0x0 ALU_PC=0x15c ALU_I=0x0 RETIRE_PC=0x158 exception=0000000000 memop_disable=0 ALU_br_late_done=0
[2365] DECODE_PC=0x15c DECODE_I=0x642825 ALU_PC=0x15c ALU_I=0x0 RETIRE_PC=0x158 exception=0000000000 memop_disable=0 ALU_br_late_done=0
[2375] DECODE_PC=0x160 DECODE_I=0xa0e50000 ALU_PC=0x15c ALU_I=0x642825 RETIRE_PC=0x15c exception=0000000000 memop_disable=0 ALU_br_late_done=0
[2385] DECODE_PC=0x164 DECODE_I=0x24e70001 ALU_PC=0x160 ALU_I=0xa0e50000 RETIRE_PC=0x15c exception=0000000000 memop_disable=0 ALU_br_late_done=0
[2395] DECODE_PC=0x168 DECODE_I=0x24210004 ALU_PC=0x164 ALU_I=0x24e70001 RETIRE_PC=0x15c exception=0000000000 memop_disable=0 ALU_br_late_done=0
[2405] DECODE_PC=0x16c DECODE_I=0x1446fff9 ALU_PC=0x168 ALU_I=0x24210004 RETIRE_PC=0x160 exception=0000000000 memop_disable=0 ALU_br_late_done=0
[2415] DECODE_PC=0x170 DECODE_I=0x2442fffc ALU_PC=0x16c ALU_I=0x1446fff9 RETIRE_PC=0x164 exception=0000000000 memop_disable=0 ALU_br_late_done=0
[2425] DECODE_PC=0x154 DECODE_I=0x8c23ffe4 ALU_PC=0x170 ALU_I=0x2442fffc RETIRE_PC=0x168 exception=0000000000 memop_disable=0 ALU_br_late_done=0
[2435] DECODE_PC=0x158 DECODE_I=0x0 ALU_PC=0x154 ALU_I=0x8c23ffe4 RETIRE_PC=0x16c exception=0000000000 memop_disable=0 ALU_br_late_done=0
[2445] DECODE_PC=0x158 DECODE_I=0x0 ALU_PC=0x158 ALU_I=0x0 RETIRE_PC=0x170 exception=0000000000 memop_disable=0 ALU_br_late_done=0
[2455] DECODE_PC=0x158 DECODE_I=0x8c44fffc ALU_PC=0x158 ALU_I=0x0 RETIRE_PC=0x154 exception=0000000000 memop_disable=0 ALU_br_late_done=0
[2465] DECODE_PC=0x15c DECODE_I=0x0 ALU_PC=0x158 ALU_I=0x8c44fffc RETIRE_PC=0x158 exception=0000000000 memop_disable=0 ALU_br_late_done=0
[2475] DECODE_PC=0x15c DECODE_I=0x0 ALU_PC=0x15c ALU_I=0x0 RETIRE_PC=0x158 exception=0000000000 memop_disable=0 ALU_br_late_done=0
[2485] DECODE_PC=0x15c DECODE_I=0x642825 ALU_PC=0x15c ALU_I=0x0 RETIRE_PC=0x158 exception=0000000000 memop_disable=0 ALU_br_late_done=0
[2495] DECODE_PC=0x160 DECODE_I=0xa0e50000 ALU_PC=0x15c ALU_I=0x642825 RETIRE_PC=0x15c exception=0000000000 memop_disable=0 ALU_br_late_done=0
[2505] DECODE_PC=0x164 DECODE_I=0x24e70001 ALU_PC=0x160 ALU_I=0xa0e50000 RETIRE_PC=0x15c exception=0000000000 memop_disable=0 ALU_br_late_done=0
[2515] DECODE_PC=0x168 DECODE_I=0x24210004 ALU_PC=0x164 ALU_I=0x24e70001 RETIRE_PC=0x15c exception=0000000000 memop_disable=0 ALU_br_late_done=0
[2525] DECODE_PC=0x16c DECODE_I=0x1446fff9 ALU_PC=0x168 ALU_I=0x24210004 RETIRE_PC=0x160 exception=0000000000 memop_disable=0 ALU_br_late_done=0
[2535] DECODE_PC=0x170 DECODE_I=0x2442fffc ALU_PC=0x16c ALU_I=0x1446fff9 RETIRE_PC=0x164 exception=0000000000 memop_disable=0 ALU_br_late_done=0
[2545] DECODE_PC=0x154 DECODE_I=0x8c23ffe4 ALU_PC=0x170 ALU_I=0x2442fffc RETIRE_PC=0x168 exception=0000000000 memop_disable=0 ALU_br_late_done=0
[2555] DECODE_PC=0x158 DECODE_I=0x0 ALU_PC=0x154 ALU_I=0x8c23ffe4 RETIRE_PC=0x16c exception=0000000000 memop_disable=0 ALU_br_late_done=0
[2565] DECODE_PC=0x158 DECODE_I=0x0 ALU_PC=0x158 ALU_I=0x0 RETIRE_PC=0x170 exception=0000000000 memop_disable=0 ALU_br_late_done=0
[2575] DECODE_PC=0x158 DECODE_I=0x8c44fffc ALU_PC=0x158 ALU_I=0x0 RETIRE_PC=0x154 exception=0000000000 memop_disable=0 ALU_br_late_done=0
[2585] DECODE_PC=0x15c DECODE_I=0x0 ALU_PC=0x158 ALU_I=0x8c44fffc RETIRE_PC=0x158 exception=0000000000 memop_disable=0 ALU_br_late_done=0
[2595] DECODE_PC=0x15c DECODE_I=0x0 ALU_PC=0x15c ALU_I=0x0 RETIRE_PC=0x158 exception=0000000000 memop_disable=0 ALU_br_late_done=0
[2605] DECODE_PC=0x15c DECODE_I=0x642825 ALU_PC=0x15c ALU_I=0x0 RETIRE_PC=0x158 exception=0000000000 memop_disable=0 ALU_br_late_done=0
[2615] DECODE_PC=0x160 DECODE_I=0xa0e50000 ALU_PC=0x15c ALU_I=0x642825 RETIRE_PC=0x15c exception=0000000000 memop_disable=0 ALU_br_late_done=0
[2625] DECODE_PC=0x164 DECODE_I=0x24e70001 ALU_PC=0x160 ALU_I=0xa0e50000 RETIRE_PC=0x15c exception=0000000000 memop_disable=0 ALU_br_late_done=0
[2635] DECODE_PC=0x168 DECODE_I=0x24210004 ALU_PC=0x164 ALU_I=0x24e70001 RETIRE_PC=0x15c exception=0000000000 memop_disable=0 ALU_br_late_done=0
[2645] DECODE_PC=0x16c DECODE_I=0x1446fff9 ALU_PC=0x168 ALU_I=0x24210004 RETIRE_PC=0x160 exception=0000000000 memop_disable=0 ALU_br_late_done=0
[2655] DECODE_PC=0x170 DECODE_I=0x2442fffc ALU_PC=0x16c ALU_I=0x1446fff9 RETIRE_PC=0x164 exception=0000000000 memop_disable=0 ALU_br_late_done=0
[2665] DECODE_PC=0x154 DECODE_I=0x8c23ffe4 ALU_PC=0x170 ALU_I=0x2442fffc RETIRE_PC=0x168 exception=0000000000 memop_disable=0 ALU_br_late_done=0
[2675] DECODE_PC=0x158 DECODE_I=0x0 ALU_PC=0x154 ALU_I=0x8c23ffe4 RETIRE_PC=0x16c exception=0000000000 memop_disable=0 ALU_br_late_done=0
[2685] DECODE_PC=0x158 DECODE_I=0x0 ALU_PC=0x158 ALU_I=0x0 RETIRE_PC=0x170 exception=0000000000 memop_disable=0 ALU_br_late_done=0
[2695] DECODE_PC=0x158 DECODE_I=0x8c44fffc ALU_PC=0x158 ALU_I=0x0 RETIRE_PC=0x154 exception=0000000000 memop_disable=0 ALU_br_late_done=0
[2705] DECODE_PC=0x15c DECODE_I=0x0 ALU_PC=0x158 ALU_I=0x8c44fffc RETIRE_PC=0x158 exception=0000000000 memop_disable=0 ALU_br_late_done=0
[2715] DECODE_PC=0x15c DECODE_I=0x0 ALU_PC=0x15c ALU_I=0x0 RETIRE_PC=0x158 exception=0000000000 memop_disable=0 ALU_br_late_done=0
[2725] DECODE_PC=0x15c DECODE_I=0x642825 ALU_PC=0x15c ALU_I=0x0 RETIRE_PC=0x158 exception=0000000000 memop_disable=0 ALU_br_late_done=0
[2735] DECODE_PC=0x160 DECODE_I=0xa0e50000 ALU_PC=0x15c ALU_I=0x642825 RETIRE_PC=0x15c exception=0000000000 memop_disable=0 ALU_br_late_done=0
[2745] DECODE_PC=0x164 DECODE_I=0x24e70001 ALU_PC=0x160 ALU_I=0xa0e50000 RETIRE_PC=0x15c exception=0000000000 memop_disable=0 ALU_br_late_done=0
[2755] DECODE_PC=0x168 DECODE_I=0x24210004 ALU_PC=0x164 ALU_I=0x24e70001 RETIRE_PC=0x15c exception=0000000000 memop_disable=0 ALU_br_late_done=0
[2765] DECODE_PC=0x16c DECODE_I=0x1446fff9 ALU_PC=0x168 ALU_I=0x24210004 RETIRE_PC=0x160 exception=0000000000 memop_disable=0 ALU_br_late_done=0
[2775] DECODE_PC=0x170 DECODE_I=0x2442fffc ALU_PC=0x16c ALU_I=0x1446fff9 RETIRE_PC=0x164 exception=0000000000 memop_disable=0 ALU_br_late_done=0
[2785] DECODE_PC=0x154 DECODE_I=0x8c23ffe4 ALU_PC=0x170 ALU_I=0x2442fffc RETIRE_PC=0x168 exception=0000000000 memop_disable=0 ALU_br_late_done=0
[2795] DECODE_PC=0x158 DECODE_I=0x0 ALU_PC=0x154 ALU_I=0x8c23ffe4 RETIRE_PC=0x16c exception=0000000000 memop_disable=0 ALU_br_late_done=0
[2805] DECODE_PC=0x158 DECODE_I=0x0 ALU_PC=0x158 ALU_I=0x0 RETIRE_PC=0x170 exception=0000000000 memop_disable=0 ALU_br_late_done=0
[2815] DECODE_PC=0x158 DECODE_I=0x8c44fffc ALU_PC=0x158 ALU_I=0x0 RETIRE_PC=0x154 exception=0000000000 memop_disable=0 ALU_br_late_done=0
[2825] DECODE_PC=0x15c DECODE_I=0x0 ALU_PC=0x158 ALU_I=0x8c44fffc RETIRE_PC=0x158 exception=0000000000 memop_disable=0 ALU_br_late_done=0
[2835] DECODE_PC=0x15c DECODE_I=0x0 ALU_PC=0x15c ALU_I=0x0 RETIRE_PC=0x158 exception=0000000000 memop_disable=0 ALU_br_late_done=0
[2845] DECODE_PC=0x15c DECODE_I=0x642825 ALU_PC=0x15c ALU_I=0x0 RETIRE_PC=0x158 exception=0000000000 memop_disable=0 ALU_br_late_done=0
[2855] DECODE_PC=0x160 DECODE_I=0xa0e50000 ALU_PC=0x15c ALU_I=0x642825 RETIRE_PC=0x15c exception=0000000000 memop_disable=0 ALU_br_late_done=0
[2865] DECODE_PC=0x164 DECODE_I=0x24e70001 ALU_PC=0x160 ALU_I=0xa0e50000 RETIRE_PC=0x15c exception=0000000000 memop_disable=0 ALU_br_late_done=0
[2875] DECODE_PC=0x168 DECODE_I=0x24210004 ALU_PC=0x164 ALU_I=0x24e70001 RETIRE_PC=0x15c exception=0000000000 memop_disable=0 ALU_br_late_done=0
[2885] DECODE_PC=0x16c DECODE_I=0x1446fff9 ALU_PC=0x168 ALU_I=0x24210004 RETIRE_PC=0x160 exception=0000000000 memop_disable=0 ALU_br_late_done=0
[2895] DECODE_PC=0x170 DECODE_I=0x2442fffc ALU_PC=0x16c ALU_I=0x1446fff9 RETIRE_PC=0x164 exception=0000000000 memop_disable=0 ALU_br_late_done=0
[2905] DECODE_PC=0x154 DECODE_I=0x8c23ffe4 ALU_PC=0x170 ALU_I=0x2442fffc RETIRE_PC=0x168 exception=0000000000 memop_disable=0 ALU_br_late_done=0
[2915] DECODE_PC=0x158 DECODE_I=0x0 ALU_PC=0x154 ALU_I=0x8c23ffe4 RETIRE_PC=0x16c exception=0000000000 memop_disable=0 ALU_br_late_done=0
[2925] DECODE_PC=0x158 DECODE_I=0x0 ALU_PC=0x158 ALU_I=0x0 RETIRE_PC=0x170 exception=0000000000 memop_disable=1 ALU_br_late_done=0
[2935] DECODE_PC=0x158 DECODE_I=0x8c44fffc ALU_PC=0x158 ALU_I=0x0 RETIRE_PC=0x154 exception=0000000000 memop_disable=1 ALU_br_late_done=0
[2945] DECODE_PC=0x174 DECODE_I=0x0 ALU_PC=0x158 ALU_I=0x8c44fffc RETIRE_PC=0x158 exception=0000000000 memop_disable=1 ALU_br_late_done=0
[2955] DECODE_PC=0x174 DECODE_I=0x0 ALU_PC=0x174 ALU_I=0x0 RETIRE_PC=0x158 exception=0000000000 memop_disable=1 ALU_br_late_done=1
[2965] DECODE_PC=0x174 DECODE_I=0x24090064 ALU_PC=0x174 ALU_I=0x0 RETIRE_PC=0x158 exception=0000000000 memop_disable=0 ALU_br_late_done=0
[2975] DECODE_PC=0x178 DECODE_I=0x91290003 ALU_PC=0x174 ALU_I=0x24090064 RETIRE_PC=0x174 exception=0000000000 memop_disable=0 ALU_br_late_done=0
[2985] DECODE_PC=0x17c DECODE_I=0x0 ALU_PC=0x178 ALU_I=0x91290003 RETIRE_PC=0x174 exception=0000000000 memop_disable=0 ALU_br_late_done=0
[2995] DECODE_PC=0x17c DECODE_I=0x0 ALU_PC=0x17c ALU_I=0x0 RETIRE_PC=0x174 exception=0000000000 memop_disable=0 ALU_br_late_done=0
[3005] DECODE_PC=0x17c DECODE_I=0x240d0068 ALU_PC=0x17c ALU_I=0x0 RETIRE_PC=0x178 exception=0000000000 memop_disable=0 ALU_br_late_done=0
[3015] DECODE_PC=0x180 DECODE_I=0x8dad0000 ALU_PC=0x17c ALU_I=0x240d0068 RETIRE_PC=0x17c exception=0000000000 memop_disable=0 ALU_br_late_done=0
[3025] DECODE_PC=0x184 DECODE_I=0x0 ALU_PC=0x180 ALU_I=0x8dad0000 RETIRE_PC=0x17c exception=0000000000 memop_disable=0 ALU_br_late_done=0
[3035] DECODE_PC=0x184 DECODE_I=0x0 ALU_PC=0x184 ALU_I=0x0 RETIRE_PC=0x17c exception=0000000000 memop_disable=0 ALU_br_late_done=0
[3045] DECODE_PC=0x184 DECODE_I=0x94e00 ALU_PC=0x184 ALU_I=0x0 RETIRE_PC=0x180 exception=0000000000 memop_disable=0 ALU_br_late_done=0
[3055] DECODE_PC=0x188 DECODE_I=0x39ad0009 ALU_PC=0x184 ALU_I=0x94e00 RETIRE_PC=0x184 exception=0000000000 memop_disable=0 ALU_br_late_done=0
[3065] DECODE_PC=0x18c DECODE_I=0xaced0001 ALU_PC=0x188 ALU_I=0x39ad0009 RETIRE_PC=0x184 exception=0000000000 memop_disable=0 ALU_br_late_done=0
[3075] DECODE_PC=0x190 DECODE_I=0x8c010000 ALU_PC=0x18c ALU_I=0xaced0001 RETIRE_PC=0x184 exception=0000000000 memop_disable=0 ALU_br_late_done=0
[3085] DECODE_PC=0x194 DECODE_I=0x0 ALU_PC=0x190 ALU_I=0x8c010000 RETIRE_PC=0x188 exception=0000000000 memop_disable=0 ALU_br_late_done=0
[3095] DECODE_PC=0x194 DECODE_I=0x0 ALU_PC=0x194 ALU_I=0x0 RETIRE_PC=0x18c exception=0000000000 memop_disable=0 ALU_br_late_done=0
[3105] DECODE_PC=0x194 DECODE_I=0x8c020004 ALU_PC=0x194 ALU_I=0x0 RETIRE_PC=0x190 exception=0000000000 memop_disable=0 ALU_br_late_done=0
[3115] DECODE_PC=0x198 DECODE_I=0x0 ALU_PC=0x194 ALU_I=0x8c020004 RETIRE_PC=0x194 exception=0000000000 memop_disable=0 ALU_br_late_done=0
[3125] DECODE_PC=0x198 DECODE_I=0x0 ALU_PC=0x198 ALU_I=0x0 RETIRE_PC=0x194 exception=0000000000 memop_disable=0 ALU_br_late_done=0
[3135] DECODE_PC=0x198 DECODE_I=0x8c030008 ALU_PC=0x198 ALU_I=0x0 RETIRE_PC=0x194 exception=0000000000 memop_disable=0 ALU_br_late_done=0
[3145] DECODE_PC=0x19c DECODE_I=0x0 ALU_PC=0x198 ALU_I=0x8c030008 RETIRE_PC=0x198 exception=0000000000 memop_disable=0 ALU_br_late_done=0
[3155] DECODE_PC=0x19c DECODE_I=0x0 ALU_PC=0x19c ALU_I=0x0 RETIRE_PC=0x198 exception=0000000000 memop_disable=0 ALU_br_late_done=0
[3165] DECODE_PC=0x19c DECODE_I=0x8c04000c ALU_PC=0x19c ALU_I=0x0 RETIRE_PC=0x198 exception=0000000000 memop_disable=0 ALU_br_late_done=0
[3175] DECODE_PC=0x1a0 DECODE_I=0x0 ALU_PC=0x19c ALU_I=0x8c04000c RETIRE_PC=0x19c exception=0000000000 memop_disable=0 ALU_br_late_done=0
[3185] DECODE_PC=0x1a0 DECODE_I=0x0 ALU_PC=0x1a0 ALU_I=0x0 RETIRE_PC=0x19c exception=0000000000 memop_disable=0 ALU_br_late_done=0
[3195] DECODE_PC=0x1a0 DECODE_I=0x8c050010 ALU_PC=0x1a0 ALU_I=0x0 RETIRE_PC=0x19c exception=0000000000 memop_disable=0 ALU_br_late_done=0
[3205] DECODE_PC=0x1a4 DECODE_I=0x0 ALU_PC=0x1a0 ALU_I=0x8c050010 RETIRE_PC=0x1a0 exception=0000000000 memop_disable=0 ALU_br_late_done=0
[3215] DECODE_PC=0x1a4 DECODE_I=0x0 ALU_PC=0x1a4 ALU_I=0x0 RETIRE_PC=0x1a0 exception=0000000000 memop_disable=0 ALU_br_late_done=0
[3225] DECODE_PC=0x1a4 DECODE_I=0x8c060018 ALU_PC=0x1a4 ALU_I=0x0 RETIRE_PC=0x1a0 exception=0000000000 memop_disable=0 ALU_br_late_done=0
[3235] DECODE_PC=0x1a8 DECODE_I=0x0 ALU_PC=0x1a4 ALU_I=0x8c060018 RETIRE_PC=0x1a4 exception=0000000000 memop_disable=0 ALU_br_late_done=0
[3245] DECODE_PC=0x1a8 DECODE_I=0x0 ALU_PC=0x1a8 ALU_I=0x0 RETIRE_PC=0x1a4 exception=0000000000 memop_disable=0 ALU_br_late_done=0
[3255] DECODE_PC=0x1a8 DECODE_I=0x8c070070 ALU_PC=0x1a8 ALU_I=0x0 RETIRE_PC=0x1a4 exception=0000000000 memop_disable=0 ALU_br_late_done=0
[3265] DECODE_PC=0x1ac DECODE_I=0x0 ALU_PC=0x1a8 ALU_I=0x8c070070 RETIRE_PC=0x1a8 exception=0000000000 memop_disable=0 ALU_br_late_done=0
[3275] DECODE_PC=0x1ac DECODE_I=0x0 ALU_PC=0x1ac ALU_I=0x0 RETIRE_PC=0x1a8 exception=0000000000 memop_disable=0 ALU_br_late_done=0
[3285] DECODE_PC=0x1ac DECODE_I=0x8c190074 ALU_PC=0x1ac ALU_I=0x0 RETIRE_PC=0x1a8 exception=0000000000 memop_disable=0 ALU_br_late_done=0
[3295] DECODE_PC=0x1b0 DECODE_I=0x0 ALU_PC=0x1ac ALU_I=0x8c190074 RETIRE_PC=0x1ac exception=0000000000 memop_disable=0 ALU_br_late_done=0
[3305] DECODE_PC=0x1b0 DECODE_I=0x0 ALU_PC=0x1b0 ALU_I=0x0 RETIRE_PC=0x1ac exception=0000000000 memop_disable=0 ALU_br_late_done=0
[3315] DECODE_PC=0x1b0 DECODE_I=0x8c0d0078 ALU_PC=0x1b0 ALU_I=0x0 RETIRE_PC=0x1ac exception=0000000000 memop_disable=0 ALU_br_late_done=0
[3325] DECODE_PC=0x1b4 DECODE_I=0x0 ALU_PC=0x1b0 ALU_I=0x8c0d0078 RETIRE_PC=0x1b0 exception=0000000000 memop_disable=0 ALU_br_late_done=0
[3335] DECODE_PC=0x1b4 DECODE_I=0x0 ALU_PC=0x1b4 ALU_I=0x0 RETIRE_PC=0x1b0 exception=0000000000 memop_disable=0 ALU_br_late_done=0
[3345] DECODE_PC=0x1b4 DECODE_I=0x800000d ALU_PC=0x1b4 ALU_I=0x0 RETIRE_PC=0x1b0 exception=0000000000 memop_disable=0 ALU_br_late_done=0
[3355] DECODE_PC=0x1b8 DECODE_I=0xxxxxxxxx ALU_PC=0x1b4 ALU_I=0x800000d RETIRE_PC=0x1b4 exception=0000000000 memop_disable=0 ALU_br_late_done=0
[3365] DECODE_PC=0x34 DECODE_I=0xXX0X000X ALU_PC=0x1b8 ALU_I=0xxxxxxxxx RETIRE_PC=0x1b4 exception=0000000000 memop_disable=0 ALU_br_late_done=0
[3375] DECODE_PC=0x34 DECODE_I=0xXX0X000X ALU_PC=0x34 ALU_I=0xXX0X000X RETIRE_PC=0x1b4 exception=0000000000 memop_disable=0 ALU_br_late_done=0
Exception: 000x001000
